<?xml version="1.0" encoding="UTF-8"?>
<!-- Generated by org.testng.reporters.JUnitReportReporter -->
<testsuite hostname="DESKTOP-H2UFN5K" failures="0" tests="1" name="AddDragNDropNewProject.E5SolarLadderTC" time="27.398" errors="0" timestamp="2023-04-01T06:57:28 IST" skipped="0">
  <testcase classname="AddDragNDropNewProject.E5SolarLadderTC" name="DragDropProject" time="27.398"/>
  <system-out/>
</testsuite> <!-- AddDragNDropNewProject.E5SolarLadderTC -->
