<?xml version="1.0" encoding="UTF-8"?>
<!-- Generated by org.testng.reporters.JUnitReportReporter -->
<testsuite hostname="DESKTOP-H2UFN5K" failures="0" tests="1" name="AddDragNDropNewProject.E5SolarLadderTC" time="27.471" errors="0" timestamp="2023-03-31T19:40:57 IST" skipped="0">
  <testcase classname="AddDragNDropNewProject.E5SolarLadderTC" name="DragDropProject" time="27.471"/>
  <system-out/>
</testsuite> <!-- AddDragNDropNewProject.E5SolarLadderTC -->
