<?xml version="1.0" encoding="UTF-8"?>
<!-- Generated by org.testng.reporters.JUnitReportReporter -->
<testsuite hostname="DESKTOP-H2UFN5K" failures="0" tests="1" name="AddDragNDropNewProject.E5SolarLadderTC" time="32.960" errors="0" timestamp="2023-04-29T09:06:01 IST" skipped="0">
  <testcase classname="AddDragNDropNewProject.E5SolarLadderTC" name="DragDropProject" time="32.960"/>
  <system-out/>
</testsuite> <!-- AddDragNDropNewProject.E5SolarLadderTC -->
